[LOG] System::create                           : Header version = 1.10.04. Current version = 1.10.04.
[LOG] SystemI::setOutputInternal               : Setting output to 'FMOD WASAPI Output'
[LOG] Manager::init                            : maxchannels = 1024 studioflags = 00000009 flags 00000000 extradriverdata 0000000000000000.
[LOG] SystemI::init                            : Initialize version=11004 (93853), maxchannels=1024, flags=0x00030000
[LOG] OutputWASAPI::init                       : Mix Format (WAVEFORMATEX): wFormatTag=0xFFFE, nChannels=2, nSamplesPerSec=48000, nAvgBytesPerSec=384000, nBlockAlign=8, wBitsPerSample=32, cbSize=22.
[LOG] OutputWASAPI::init                       : Mix Format (WAVEFORMATEXTENSIBLE): wValidBitsPerSample=32, dwChannelMask=0x00000003, SubFormat=00000003-0000-0010-8000-00AA00389B71.
[LOG] OutputWASAPI::init                       : Output buffer size: 4096 samples, latency: 0.00ms, period: 10.00ms, DSP buffer: 1024 * 4
[LOG] Thread::initThread                       : Init FMOD stream thread. Priority: 2, Stack Size: 65536, Semaphore: No, Sleep Time: 10, Looping: Yes.
[LOG] SystemI::DSPCodecPoolRegister            : register codec pool for pool type 5
[LOG] Thread::initThread                       : Init FMOD mixer thread. Priority: 3, Stack Size: 49152, Semaphore: No, Sleep Time: 0, Looping: Yes.
[LOG] AsyncManager::init                       : manager 00000000CAAA5038 isAsync 1 updatePeriod 0.02
[LOG] Thread::initThread                       : Init FMOD Studio update thread. Priority: 0, Stack Size: 65536, Semaphore: No, Sleep Time: 1, Looping: No.
[LOG] AsyncManager::init                       : done
[LOG] PlaybackSystem::init                     : 
[LOG] Thread::initThread                       : Init FMOD Studio sample load thread. Priority: 0, Stack Size: 65536, Semaphore: No, Sleep Time: 1, Looping: No.
[LOG] PlaybackSystem::init                     : done
[LOG] LiveUpdate::init                         : 
[LOG] Thread::initThread                       : Init FMOD Studio bank load thread. Priority: 0, Stack Size: 65536, Semaphore: No, Sleep Time: 1, Looping: No.
[LOG] Manager::init                            : done.
[LOG] Profile::init                            : Profiler listening on port: 9264
[LOG] Manager::readBank                        : fileversion = 100, compatVersion = 99 (oldest = 44, newest = 100)
[LOG] Manager::readBank                        : fileversion = 100, compatVersion = 99 (oldest = 44, newest = 100)
[LOG] PlaybackSystem::acquireMasterBus         : Setting master channel group format to 6
[LOG] SystemI::createSoundInternal             : Create name='', mode=0x02000202
[LOG] SystemI::createSoundInternal             : exinfo->cbsize             = 232
[LOG] SystemI::createSoundInternal             : exinfo->length             = 114496
[LOG] SystemI::createSoundInternal             : exinfo->fileoffset         = 17696
[LOG] SystemI::createSoundInternal             : exinfo->numsubsounds       = 1
[LOG] SystemI::createSoundInternal             : exinfo->inclusionlist      = 000000004A5FF5FC
[LOG] SystemI::createSoundInternal             : exinfo->inclusionlistnum   = 1
[LOG] SystemI::createSoundInternal             : exinfo->suggestedsoundtype = 5
[LOG] SystemI::createSoundInternal             : exinfo->useropen           = 00007FFBA73CE310
[LOG] SystemI::createSoundInternal             : exinfo->userclose          = 00007FFBA73CE2E0
[LOG] SystemI::createSoundInternal             : exinfo->userread           = 00007FFBA73CE3E0
[LOG] SystemI::createSoundInternal             : exinfo->userseek           = 00007FFBA73CE490
[LOG] SystemI::createSoundInternal             : exinfo->fileuserdata       = 00000000CA749278
[LOG] SystemI::createSoundInternal             : exinfo->initialseekpostype = 1
[LOG] SystemI::DSPCodecPoolRegister            : register codec pool for pool type 5
[LOG] SystemI::createSoundInternal             : Sample 0/1: name='267492__snumen__footsteps-on-forest-ground', format=2, channels=2, frequency=48000, lengthbytes=22560, lengthpcm=66000, pcmblocksize=0, loopstart=0, loopend=0, mode=0x00000000, channelmask=0x00000000, channelorder=0, peakvolume=0.310364.
[LOG] SystemI::createSoundInternal             : Create name='', mode=0x02000202
[LOG] SystemI::createSoundInternal             : exinfo->cbsize             = 232
[LOG] SystemI::createSoundInternal             : exinfo->length             = 114496
[LOG] SystemI::createSoundInternal             : exinfo->fileoffset         = 17696
[LOG] SystemI::createSoundInternal             : exinfo->numsubsounds       = 1
[LOG] SystemI::createSoundInternal             : exinfo->inclusionlist      = 000000004A5FF5FC
[LOG] SystemI::createSoundInternal             : exinfo->inclusionlistnum   = 1
[LOG] SystemI::createSoundInternal             : exinfo->suggestedsoundtype = 5
[LOG] SystemI::createSoundInternal             : exinfo->useropen           = 00007FFBA73CE310
[LOG] SystemI::createSoundInternal             : exinfo->userclose          = 00007FFBA73CE2E0
[LOG] SystemI::createSoundInternal             : exinfo->userread           = 00007FFBA73CE3E0
[LOG] SystemI::createSoundInternal             : exinfo->userseek           = 00007FFBA73CE490
[LOG] SystemI::createSoundInternal             : exinfo->fileuserdata       = 00000000CA749278
[LOG] SystemI::createSoundInternal             : exinfo->initialseekpostype = 1
[LOG] SystemI::DSPCodecPoolRegister            : register codec pool for pool type 5
[LOG] SystemI::createSoundInternal             : Sample 0/1: name='411800__starvingpony__footstep-august-18-2017', format=2, channels=2, frequency=48000, lengthbytes=25440, lengthpcm=84981, pcmblocksize=0, loopstart=0, loopend=0, mode=0x00000000, channelmask=0x00000000, channelorder=0, peakvolume=0.999969.
[LOG] SystemI::createSoundInternal             : Create name='', mode=0x02000202
[LOG] SystemI::createSoundInternal             : exinfo->cbsize             = 232
[LOG] SystemI::createSoundInternal             : exinfo->length             = 114496
[LOG] SystemI::createSoundInternal             : exinfo->fileoffset         = 17696
[LOG] SystemI::createSoundInternal             : exinfo->numsubsounds       = 1
[LOG] SystemI::createSoundInternal             : exinfo->inclusionlist      = 000000004A5FF5FC
[LOG] SystemI::createSoundInternal             : exinfo->inclusionlistnum   = 1
[LOG] SystemI::createSoundInternal             : exinfo->suggestedsoundtype = 5
[LOG] SystemI::createSoundInternal             : exinfo->useropen           = 00007FFBA73CE310
[LOG] SystemI::createSoundInternal             : exinfo->userclose          = 00007FFBA73CE2E0
[LOG] SystemI::createSoundInternal             : exinfo->userread           = 00007FFBA73CE3E0
[LOG] SystemI::createSoundInternal             : exinfo->userseek           = 00007FFBA73CE490
[LOG] SystemI::createSoundInternal             : exinfo->fileuserdata       = 00000000CA749278
[LOG] SystemI::createSoundInternal             : exinfo->initialseekpostype = 1
[LOG] SystemI::DSPCodecPoolRegister            : register codec pool for pool type 5
[LOG] SystemI::createSoundInternal             : Sample 0/1: name='58453__sinatra314__footsteps-fast-on-pavement-loop', format=2, channels=1, frequency=48000, lengthbytes=37088, lengthpcm=204924, pcmblocksize=0, loopstart=0, loopend=0, mode=0x00000000, channelmask=0x00000000, channelorder=0, peakvolume=0.576782.
[LOG] SystemI::createSoundInternal             : Create name='', mode=0x02000202
[LOG] SystemI::createSoundInternal             : exinfo->cbsize             = 232
[LOG] SystemI::createSoundInternal             : exinfo->length             = 114496
[LOG] SystemI::createSoundInternal             : exinfo->fileoffset         = 17696
[LOG] SystemI::createSoundInternal             : exinfo->numsubsounds       = 1
[LOG] SystemI::createSoundInternal             : exinfo->inclusionlist      = 000000004A5FF5FC
[LOG] SystemI::createSoundInternal             : exinfo->inclusionlistnum   = 1
[LOG] SystemI::createSoundInternal             : exinfo->suggestedsoundtype = 5
[LOG] SystemI::createSoundInternal             : exinfo->useropen           = 00007FFBA73CE310
[LOG] SystemI::createSoundInternal             : exinfo->userclose          = 00007FFBA73CE2E0
[LOG] SystemI::createSoundInternal             : exinfo->userread           = 00007FFBA73CE3E0
[LOG] SystemI::createSoundInternal             : exinfo->userseek           = 00007FFBA73CE490
[LOG] SystemI::createSoundInternal             : exinfo->fileuserdata       = 00000000CA749278
[LOG] SystemI::createSoundInternal             : exinfo->initialseekpostype = 1
[LOG] SystemI::DSPCodecPoolRegister            : register codec pool for pool type 5
[LOG] SystemI::createSoundInternal             : Sample 0/1: name='54778__bevangoldswain__running-gravel-or-dry-leaves-loop', format=2, channels=1, frequency=48000, lengthbytes=28928, lengthpcm=136537, pcmblocksize=0, loopstart=0, loopend=0, mode=0x00000000, channelmask=0x00000000, channelorder=0, peakvolume=0.565216.
[LOG] SoundI::release                          :  (00000000CA4D2E78)
[LOG] SoundI::release                          :     411800__starvingpony__footstep-august-18-2017 (0000000096E307D8)
[LOG] SoundI::release                          :  (00000000CA4D3718)
[LOG] SoundI::release                          :     58453__sinatra314__footsteps-fast-on-pavement-loop (0000000096E2FC78)
[LOG] SoundI::release                          :  (00000000CA4D39F8)
[LOG] SoundI::release                          :     54778__bevangoldswain__running-gravel-or-dry-leaves-loop (0000000096E2F5F8)
[LOG] SoundI::release                          :  (00000000CA4D28B8)
[LOG] SoundI::release                          :     267492__snumen__footsteps-on-forest-ground (0000000096E2F458)
[LOG] Thread::callback                         : FMOD Studio update thread finished.
[LOG] Thread::callback                         : FMOD Studio bank load thread finished.
[LOG] Profile::disconnectAll                   : Profiler disconnecting all clients
[LOG] Thread::callback                         : FMOD Studio sample load thread finished.
[LOG] LiveUpdate::release                      : 
[LOG] LiveUpdate::reset                        : Reset connection (reason Disconnected)
[LOG] Thread::callback                         : FMOD stream thread finished.
[LOG] Thread::callback                         : FMOD mixer thread finished.
[LOG] Profile::disconnectAll                   : Profiler disconnecting all clients
[LOG] SystemI::close                           : Closed.
